<?xml version="1.0" encoding="UTF-8"?>
<coverage generated="1668814470978" clover="3.2.0">
  <project timestamp="1668814470978" name="All files">
    <metrics statements="16" coveredstatements="8" conditionals="2" coveredconditionals="0" methods="8" coveredmethods="3" elements="26" coveredelements="11" complexity="0" loc="16" ncloc="16" packages="1" files="2" classes="2"/>
    <file name="carrinho.js" path="C:\Users\rafaa\Videos\Alura\Back-End\Jest-Testes\Implementando-Testes\carrinho\carrinho.js">
      <metrics statements="12" coveredstatements="4" conditionals="2" coveredconditionals="0" methods="6" coveredmethods="1"/>
      <line num="3" count="1" type="stmt"/>
      <line num="4" count="1" type="stmt"/>
      <line num="5" count="1" type="stmt"/>
      <line num="6" count="1" type="stmt"/>
      <line num="10" count="0" type="stmt"/>
      <line num="14" count="0" type="stmt"/>
      <line num="18" count="0" type="stmt"/>
      <line num="19" count="0" type="stmt"/>
      <line num="23" count="0" type="cond" truecount="0" falsecount="2"/>
      <line num="24" count="0" type="stmt"/>
      <line num="27" count="0" type="stmt"/>
      <line num="29" count="0" type="stmt"/>
    </file>
    <file name="item.js" path="C:\Users\rafaa\Videos\Alura\Back-End\Jest-Testes\Implementando-Testes\carrinho\item.js">
      <metrics statements="4" coveredstatements="4" conditionals="0" coveredconditionals="0" methods="2" coveredmethods="2"/>
      <line num="3" count="2" type="stmt"/>
      <line num="4" count="2" type="stmt"/>
      <line num="5" count="2" type="stmt"/>
      <line num="9" count="1" type="stmt"/>
    </file>
  </project>
</coverage>
